<?xml version="1.0" encoding="UTF-8"?>
<testsuite name="Ciclo CRUD del recurso Pet en la API PetStore" tests="2" skipped="0" failures="0" errors="0" timestamp="2026-03-13T20:54:37.369Z" hostname="DESKTOP-Q3S55UK" time="11.845">
  <properties/>
  <testcase name="Ejecutar ciclo CRUD completo de una mascota #1" classname="Ciclo CRUD del recurso Pet en la API PetStore" time="8.534"/>
  <testcase name="Ejecutar ciclo CRUD completo de una mascota #2" classname="Ciclo CRUD del recurso Pet en la API PetStore" time="3.31"/>
  <system-out><![CDATA[]]></system-out>
  <system-err><![CDATA[]]></system-err>
</testsuite>
